<?xml version="1.0" encoding="UTF-8"?>
<!-- Generated by org.testng.reporters.JUnitXMLReporter -->
<testsuite hostname="CBT-MH-000" ignored="0" name="Default test" tests="3" failures="0" timestamp="31 Oct 2019 07:28:34 GMT" time="48.683" errors="0">
  <testcase name="main" time="14.058" classname="PHP_TRAVELS.PHP_AUTOMATION.login"/>
  <testcase name="flightSearch" time="21.652" classname="PHP_TRAVELS.PHP_AUTOMATION.Testflightsearch"/>
  <testcase name="main" time="12.9" classname="PHP_TRAVELS.PHP_AUTOMATION.registration"/>
</testsuite> <!-- Default test -->
